  JeuAvion.cpp
sfml-audio-s-d.lib(SoundSource.obj) : warning LNK4099: PDB '' was not found with 'sfml-audio-s-d.lib(SoundSource.obj)' or at ''; linking object as if no debug info
sfml-audio-s-d.lib(SoundStream.obj) : warning LNK4099: PDB '' was not found with 'sfml-audio-s-d.lib(SoundStream.obj)' or at ''; linking object as if no debug info
sfml-audio-s-d.lib(Music.obj) : warning LNK4099: PDB '' was not found with 'sfml-audio-s-d.lib(Music.obj)' or at ''; linking object as if no debug info
sfml-audio-s-d.lib(Sound.obj) : warning LNK4099: PDB '' was not found with 'sfml-audio-s-d.lib(Sound.obj)' or at ''; linking object as if no debug info
sfml-audio-s-d.lib(SoundBuffer.obj) : warning LNK4099: PDB '' was not found with 'sfml-audio-s-d.lib(SoundBuffer.obj)' or at ''; linking object as if no debug info
sfml-audio-s-d.lib(Miniaudio.obj) : warning LNK4099: PDB '' was not found with 'sfml-audio-s-d.lib(Miniaudio.obj)' or at ''; linking object as if no debug info
sfml-audio-s-d.lib(AudioResource.obj) : warning LNK4099: PDB '' was not found with 'sfml-audio-s-d.lib(AudioResource.obj)' or at ''; linking object as if no debug info
sfml-audio-s-d.lib(MiniaudioUtils.obj) : warning LNK4099: PDB '' was not found with 'sfml-audio-s-d.lib(MiniaudioUtils.obj)' or at ''; linking object as if no debug info
sfml-audio-s-d.lib(InputSoundFile.obj) : warning LNK4099: PDB '' was not found with 'sfml-audio-s-d.lib(InputSoundFile.obj)' or at ''; linking object as if no debug info
sfml-audio-s-d.lib(OutputSoundFile.obj) : warning LNK4099: PDB '' was not found with 'sfml-audio-s-d.lib(OutputSoundFile.obj)' or at ''; linking object as if no debug info
sfml-audio-s-d.lib(AudioDevice.obj) : warning LNK4099: PDB '' was not found with 'sfml-audio-s-d.lib(AudioDevice.obj)' or at ''; linking object as if no debug info
sfml-audio-s-d.lib(SoundFileFactory.obj) : warning LNK4099: PDB '' was not found with 'sfml-audio-s-d.lib(SoundFileFactory.obj)' or at ''; linking object as if no debug info
sfml-audio-s-d.lib(PlaybackDevice.obj) : warning LNK4099: PDB '' was not found with 'sfml-audio-s-d.lib(PlaybackDevice.obj)' or at ''; linking object as if no debug info
sfml-audio-s-d.lib(SoundFileReaderFlac.obj) : warning LNK4099: PDB '' was not found with 'sfml-audio-s-d.lib(SoundFileReaderFlac.obj)' or at ''; linking object as if no debug info
sfml-audio-s-d.lib(SoundFileReaderMp3.obj) : warning LNK4099: PDB '' was not found with 'sfml-audio-s-d.lib(SoundFileReaderMp3.obj)' or at ''; linking object as if no debug info
sfml-audio-s-d.lib(SoundFileReaderOgg.obj) : warning LNK4099: PDB '' was not found with 'sfml-audio-s-d.lib(SoundFileReaderOgg.obj)' or at ''; linking object as if no debug info
sfml-audio-s-d.lib(SoundFileReaderWav.obj) : warning LNK4099: PDB '' was not found with 'sfml-audio-s-d.lib(SoundFileReaderWav.obj)' or at ''; linking object as if no debug info
sfml-audio-s-d.lib(SoundFileWriterFlac.obj) : warning LNK4099: PDB '' was not found with 'sfml-audio-s-d.lib(SoundFileWriterFlac.obj)' or at ''; linking object as if no debug info
sfml-audio-s-d.lib(SoundFileWriterOgg.obj) : warning LNK4099: PDB '' was not found with 'sfml-audio-s-d.lib(SoundFileWriterOgg.obj)' or at ''; linking object as if no debug info
sfml-audio-s-d.lib(SoundFileWriterWav.obj) : warning LNK4099: PDB '' was not found with 'sfml-audio-s-d.lib(SoundFileWriterWav.obj)' or at ''; linking object as if no debug info
sfml-system-s-d.lib(Err.obj) : warning LNK4099: PDB '' was not found with 'sfml-system-s-d.lib(Err.obj)' or at ''; linking object as if no debug info
sfml-system-s-d.lib(FileInputStream.obj) : warning LNK4099: PDB '' was not found with 'sfml-system-s-d.lib(FileInputStream.obj)' or at ''; linking object as if no debug info
sfml-system-s-d.lib(MemoryInputStream.obj) : warning LNK4099: PDB '' was not found with 'sfml-system-s-d.lib(MemoryInputStream.obj)' or at ''; linking object as if no debug info
sfml-system-s-d.lib(Utils.obj) : warning LNK4099: PDB '' was not found with 'sfml-system-s-d.lib(Utils.obj)' or at ''; linking object as if no debug info
  JeuAvion.vcxproj -> C:\Users\amran\CLionProjects\Projet_Jeu\S2\JeuAvion\x64\Debug\JeuAvion.exe
  'pwsh.exe' is not recognized as an internal or external command,
  operable program or batch file.
